Using pre-set license
Built from '2021.1/staging' branch; Version is '2021.1.24f1 (6667702a1e7c) revision 6711152'; Using compiler version '192528614'; Build Type 'Release'
OS: 'Windows 10 Home; OS build 19043.1348; Version 2009; 64bit' Language: 'pl' Physical Memory: 32717 MB
BatchMode: 1, IsHumanControllingUs: 0, StartBugReporterOnCrash: 0, Is64bit: 1, IsPro: 0

COMMAND LINE ARGUMENTS:
D:\Programy\Unity\Unity\2021.1.24f1\Editor\Unity.exe
-adb2
-batchMode
-noUpm
-name
AssetImportWorker0
-projectPath
E:/Projekty szkolne/2021-2022/Silniki gier/Gra/GameProject/Moja gra
-logFile
Logs/AssetImportWorker0.log
-srvPort
60047
Successfully changed project path to: E:/Projekty szkolne/2021-2022/Silniki gier/Gra/GameProject/Moja gra
E:/Projekty szkolne/2021-2022/Silniki gier/Gra/GameProject/Moja gra
Using Asset Import Pipeline V2.
Refreshing native plugins compatible for Editor in 113.37 ms, found 3 plugins.
Preloading 0 native plugins for Editor in 0.00 ms.
Initialize engine version: 2021.1.24f1 (6667702a1e7c)
[Subsystems] Discovering subsystems at path D:/Programy/Unity/Unity/2021.1.24f1/Editor/Data/Resources/UnitySubsystems
[Subsystems] Discovering subsystems at path E:/Projekty szkolne/2021-2022/Silniki gier/Gra/GameProject/Moja gra/Assets
GfxDevice: creating device client; threaded=0; jobified=0
Direct3D:
    Version:  Direct3D 11.0 [level 11.1]
    Renderer: NVIDIA GeForce RTX 2070 SUPER (ID=0x1e84)
    Vendor:   NVIDIA
    VRAM:     8011 MB
    Driver:   27.21.14.6627
Initialize mono
Mono path[0] = 'D:/Programy/Unity/Unity/2021.1.24f1/Editor/Data/Managed'
Mono path[1] = 'D:/Programy/Unity/Unity/2021.1.24f1/Editor/Data/MonoBleedingEdge/lib/mono/unityjit'
Mono config path = 'D:/Programy/Unity/Unity/2021.1.24f1/Editor/Data/MonoBleedingEdge/etc'
Using monoOptions --debugger-agent=transport=dt_socket,embedding=1,server=y,suspend=n,address=127.0.0.1:56604
Begin MonoManager ReloadAssembly
Registering precompiled unity dll's ...
Register platform support module: D:/Programy/Unity/Unity/2021.1.24f1/Editor/Data/PlaybackEngines/WindowsStandaloneSupport/UnityEditor.WindowsStandalone.Extensions.dll
Registered in 0.000966 seconds.
Native extension for WindowsStandalone target not found
Refreshing native plugins compatible for Editor in 120.09 ms, found 3 plugins.
Preloading 0 native plugins for Editor in 0.00 ms.
Mono: successfully reloaded assembly
- Completed reload, in  1.010 seconds
Domain Reload Profiling:
	ReloadAssembly (1010ms)
		BeginReloadAssembly (52ms)
			ExecutionOrderSort (0ms)
			DisableScriptedObjects (0ms)
			BackupInstance (0ms)
			ReleaseScriptingObjects (0ms)
			CreateAndSetChildDomain (1ms)
		EndReloadAssembly (464ms)
			LoadAssemblies (51ms)
			RebuildTransferFunctionScriptingTraits (0ms)
			SetupTypeCache (153ms)
			ReleaseScriptCaches (0ms)
			RebuildScriptCaches (28ms)
			SetupLoadedEditorAssemblies (243ms)
				LogAssemblyErrors (0ms)
				InitializePlatformSupportModulesInManaged (5ms)
				SetLoadedEditorAssemblies (0ms)
				RefreshPlugins (120ms)
				BeforeProcessingInitializeOnLoad (1ms)
				ProcessInitializeOnLoadAttributes (88ms)
				ProcessInitializeOnLoadMethodAttributes (28ms)
				AfterProcessingInitializeOnLoad (0ms)
				EditorAssembliesLoaded (0ms)
			ExecutionOrderSort2 (0ms)
			AwakeInstancesAfterBackupRestoration (0ms)
Platform modules already initialized, skipping
Registering precompiled user dll's ...
Registered in 0.003317 seconds.
Begin MonoManager ReloadAssembly
Symbol file LoadedFromMemory doesn't match image E:\Projekty szkolne\2021-2022\Silniki gier\Gra\GameProject\Moja gra\Library\PackageCache\com.unity.visualscripting@1.6.1\Editor\VisualScripting.Core\Dependencies\YamlDotNet\Unity.VisualScripting.YamlDotNet.dll
Symbol file LoadedFromMemory doesn't match image E:\Projekty szkolne\2021-2022\Silniki gier\Gra\GameProject\Moja gra\Library\PackageCache\com.unity.visualscripting@1.6.1\Editor\VisualScripting.Core\Dependencies\DotNetZip\Unity.VisualScripting.IonicZip.dll
Native extension for WindowsStandalone target not found
Refreshing native plugins compatible for Editor in 115.29 ms, found 3 plugins.
Preloading 0 native plugins for Editor in 0.00 ms.
Mono: successfully reloaded assembly
- Completed reload, in  1.579 seconds
Domain Reload Profiling:
	ReloadAssembly (1580ms)
		BeginReloadAssembly (136ms)
			ExecutionOrderSort (0ms)
			DisableScriptedObjects (4ms)
			BackupInstance (0ms)
			ReleaseScriptingObjects (0ms)
			CreateAndSetChildDomain (21ms)
		EndReloadAssembly (1395ms)
			LoadAssemblies (345ms)
			RebuildTransferFunctionScriptingTraits (0ms)
			SetupTypeCache (332ms)
			ReleaseScriptCaches (1ms)
			RebuildScriptCaches (54ms)
			SetupLoadedEditorAssemblies (579ms)
				LogAssemblyErrors (0ms)
				InitializePlatformSupportModulesInManaged (3ms)
				SetLoadedEditorAssemblies (0ms)
				RefreshPlugins (115ms)
				BeforeProcessingInitializeOnLoad (82ms)
				ProcessInitializeOnLoadAttributes (371ms)
				ProcessInitializeOnLoadMethodAttributes (4ms)
				AfterProcessingInitializeOnLoad (2ms)
				EditorAssembliesLoaded (0ms)
			ExecutionOrderSort2 (0ms)
			AwakeInstancesAfterBackupRestoration (6ms)
Platform modules already initialized, skipping
========================================================================
Worker process is ready to serve import requests
Launched and connected shader compiler UnityShaderCompiler.exe after 0.05 seconds
Refreshing native plugins compatible for Editor in 1.09 ms, found 3 plugins.
Preloading 0 native plugins for Editor in 0.00 ms.
Unloading 4664 Unused Serialized files (Serialized files now loaded: 0)
System memory in use before: 191.9 MB.
System memory in use after: 192.1 MB.

Unloading 116 unused Assets to reduce memory usage. Loaded Objects now: 5113.
Total: 4.527300 ms (FindLiveObjects: 0.438700 ms CreateObjectMapping: 0.124900 ms MarkObjects: 3.730300 ms  DeleteObjects: 0.232000 ms)

AssetImportParameters requested are different than current active one (requested -> active):
  custom:framework-win-MediaFoundation: 216162199b28c13a410421893ffa2e32 -> 
  custom:video-decoder-ogg-theora: a1e56fd34408186e4bbccfd4996cb3dc -> 
  custom:container-muxer-webm: aa71ff27fc2769a1b78a27578f13a17b -> 
  custom:container-demuxer-webm: 4f35f7cbe854078d1ac9338744f61a02 -> 
  custom:container-demuxer-ogg: 62fdf1f143b41e24485cea50d1cbac27 -> 
  custom:video-encoder-webm-vp8: eb34c28f22e8b96e1ab97ce403110664 -> 
  custom:video-decoder-webm-vp8: 9c59270c3fd7afecdb556c50c9e8de78 -> 
  custom:audio-decoder-ogg-vorbis: bf7c407c2cedff20999df2af8eb42d56 -> 
  custom:audio-encoder-webm-vorbis: bf7c407c2cedff20999df2af8eb42d56 -> 
========================================================================
Received Import Request.
  path: Assets/_ApocalypticVehiclesPack/Sedan/Materials/sidan_default_Default_color.mat
  artifactKey: Guid(c0b2c25c63a7c7842adeb76f3929d4f9) Importer(815301076,1909f56bfc062723c751e8b465ee728b)
Start importing Assets/_ApocalypticVehiclesPack/Sedan/Materials/sidan_default_Default_color.mat using Guid(c0b2c25c63a7c7842adeb76f3929d4f9) Importer(815301076,1909f56bfc062723c751e8b465ee728b)  -> (artifact id: '0d06b8589ce52482d09be85d3a7973dc') in 0.350916 seconds 
========================================================================
Received Import Request.
  Time since last request: 0.000197 seconds.
  path: Assets/_ApocalypticVehiclesPack/Sedan/Materials/sidan_default_Blue.mat
  artifactKey: Guid(28d047452bdc9514d96141b8a8d91828) Importer(815301076,1909f56bfc062723c751e8b465ee728b)
Start importing Assets/_ApocalypticVehiclesPack/Sedan/Materials/sidan_default_Blue.mat using Guid(28d047452bdc9514d96141b8a8d91828) Importer(815301076,1909f56bfc062723c751e8b465ee728b)  -> (artifact id: 'b314e52126037abe81bc77de33cb5cbd') in 0.139926 seconds 
========================================================================
Received Import Request.
  Time since last request: 0.000161 seconds.
  path: Assets/_ApocalypticVehiclesPack/Sedan/Materials/sidan_default_Default_Red.mat
  artifactKey: Guid(7cdbe7b43300e0f4984264a202b41336) Importer(815301076,1909f56bfc062723c751e8b465ee728b)
Start importing Assets/_ApocalypticVehiclesPack/Sedan/Materials/sidan_default_Default_Red.mat using Guid(7cdbe7b43300e0f4984264a202b41336) Importer(815301076,1909f56bfc062723c751e8b465ee728b)  -> (artifact id: '4c940861abd0cd32244b5e0472afcb81') in 0.130951 seconds 
========================================================================
Received Import Request.
  Time since last request: 0.000199 seconds.
  path: Assets/_ApocalypticVehiclesPack/Sedan/Materials/sidan_default_Default_black.mat
  artifactKey: Guid(97e32fe6caa37cc4cace710038ec6338) Importer(815301076,1909f56bfc062723c751e8b465ee728b)
Start importing Assets/_ApocalypticVehiclesPack/Sedan/Materials/sidan_default_Default_black.mat using Guid(97e32fe6caa37cc4cace710038ec6338) Importer(815301076,1909f56bfc062723c751e8b465ee728b)  -> (artifact id: '1a93c8fe142102f880f19bfab92c1531') in 0.151475 seconds 
========================================================================
Received Prepare
Registering precompiled user dll's ...
Registered in 0.004559 seconds.
Begin MonoManager ReloadAssembly
Symbol file LoadedFromMemory doesn't match image E:\Projekty szkolne\2021-2022\Silniki gier\Gra\GameProject\Moja gra\Library\PackageCache\com.unity.visualscripting@1.6.1\Editor\VisualScripting.Core\Dependencies\YamlDotNet\Unity.VisualScripting.YamlDotNet.dll
Symbol file LoadedFromMemory doesn't match image E:\Projekty szkolne\2021-2022\Silniki gier\Gra\GameProject\Moja gra\Library\PackageCache\com.unity.visualscripting@1.6.1\Editor\VisualScripting.Core\Dependencies\DotNetZip\Unity.VisualScripting.IonicZip.dll
Native extension for WindowsStandalone target not found
Refreshing native plugins compatible for Editor in 1.12 ms, found 3 plugins.
Preloading 0 native plugins for Editor in 0.00 ms.
Warning: Annotation not found!
UnityEngine.StackTraceUtility:ExtractStackTrace ()
UnityEditor.ProBuilder.EditorUtility:SetGizmoIconEnabled (System.Type,bool) (at Library/PackageCache/com.unity.probuilder@5.0.3/Editor/EditorCore/EditorUtility.cs:575)
UnityEditor.ProBuilder.HierarchyListener:.cctor () (at Library/PackageCache/com.unity.probuilder@5.0.3/Editor/EditorCore/HierarchyListener.cs:21)
System.Runtime.CompilerServices.RuntimeHelpers:RunClassConstructor (System.RuntimeTypeHandle)
UnityEditor.EditorAssemblies:ProcessInitializeOnLoadAttributes (System.Type[])

[Library/PackageCache/com.unity.probuilder@5.0.3/Editor/EditorCore/EditorUtility.cs line 575]

Mono: successfully reloaded assembly
- Completed reload, in  1.051 seconds
Domain Reload Profiling:
	ReloadAssembly (1051ms)
		BeginReloadAssembly (138ms)
			ExecutionOrderSort (0ms)
			DisableScriptedObjects (5ms)
			BackupInstance (0ms)
			ReleaseScriptingObjects (0ms)
			CreateAndSetChildDomain (43ms)
		EndReloadAssembly (862ms)
			LoadAssemblies (80ms)
			RebuildTransferFunctionScriptingTraits (0ms)
			SetupTypeCache (328ms)
			ReleaseScriptCaches (2ms)
			RebuildScriptCaches (42ms)
			SetupLoadedEditorAssemblies (287ms)
				LogAssemblyErrors (0ms)
				InitializePlatformSupportModulesInManaged (4ms)
				SetLoadedEditorAssemblies (0ms)
				RefreshPlugins (1ms)
				BeforeProcessingInitializeOnLoad (60ms)
				ProcessInitializeOnLoadAttributes (214ms)
				ProcessInitializeOnLoadMethodAttributes (4ms)
				AfterProcessingInitializeOnLoad (3ms)
				EditorAssembliesLoaded (0ms)
			ExecutionOrderSort2 (0ms)
			AwakeInstancesAfterBackupRestoration (13ms)
Platform modules already initialized, skipping
Refreshing native plugins compatible for Editor in 1.13 ms, found 3 plugins.
Preloading 0 native plugins for Editor in 0.00 ms.
Unloading 4512 Unused Serialized files (Serialized files now loaded: 0)
System memory in use before: 187.8 MB.
System memory in use after: 188.1 MB.

Unloading 18 unused Assets to reduce memory usage. Loaded Objects now: 5193.
Total: 4.217300 ms (FindLiveObjects: 0.463700 ms CreateObjectMapping: 0.121600 ms MarkObjects: 3.608400 ms  DeleteObjects: 0.021900 ms)

AssetImportParameters requested are different than current active one (requested -> active):
  custom:framework-win-MediaFoundation: 216162199b28c13a410421893ffa2e32 -> 
  custom:video-decoder-ogg-theora: a1e56fd34408186e4bbccfd4996cb3dc -> 
  custom:container-muxer-webm: aa71ff27fc2769a1b78a27578f13a17b -> 
  custom:container-demuxer-webm: 4f35f7cbe854078d1ac9338744f61a02 -> 
  custom:container-demuxer-ogg: 62fdf1f143b41e24485cea50d1cbac27 -> 
  custom:video-encoder-webm-vp8: eb34c28f22e8b96e1ab97ce403110664 -> 
  custom:video-decoder-webm-vp8: 9c59270c3fd7afecdb556c50c9e8de78 -> 
  custom:audio-decoder-ogg-vorbis: bf7c407c2cedff20999df2af8eb42d56 -> 
  custom:audio-encoder-webm-vorbis: bf7c407c2cedff20999df2af8eb42d56 -> 
========================================================================
Received Import Request.
  Time since last request: 744.342337 seconds.
  path: Assets/RPG_FPS_game_assets_industrial/Barrels/Barrel_v1/BarrelGroup.prefab
  artifactKey: Guid(c8b22aa40df96f648924a9384cf87408) Importer(815301076,1909f56bfc062723c751e8b465ee728b)
Start importing Assets/RPG_FPS_game_assets_industrial/Barrels/Barrel_v1/BarrelGroup.prefab using Guid(c8b22aa40df96f648924a9384cf87408) Importer(815301076,1909f56bfc062723c751e8b465ee728b)  -> (artifact id: '7b27edc663b07452f9fc2a1cebc3a0dd') in 0.154569 seconds 
========================================================================
Received Import Request.
  Time since last request: 20.531189 seconds.
  path: Assets/RPG_FPS_game_assets_industrial/Barrels/Barrel_v1/BarrelGroup.prefab
  artifactKey: Guid(c8b22aa40df96f648924a9384cf87408) Importer(815301076,1909f56bfc062723c751e8b465ee728b)
Start importing Assets/RPG_FPS_game_assets_industrial/Barrels/Barrel_v1/BarrelGroup.prefab using Guid(c8b22aa40df96f648924a9384cf87408) Importer(815301076,1909f56bfc062723c751e8b465ee728b)  -> (artifact id: '1a35d7a21c7e49b665e1b12a0733de1d') in 0.030891 seconds 
========================================================================
Received Import Request.
  Time since last request: 3.170808 seconds.
  path: Assets/RPG_FPS_game_assets_industrial/Barrels/Barrel_v1/BarrelGroup.prefab
  artifactKey: Guid(c8b22aa40df96f648924a9384cf87408) Importer(815301076,1909f56bfc062723c751e8b465ee728b)
Start importing Assets/RPG_FPS_game_assets_industrial/Barrels/Barrel_v1/BarrelGroup.prefab using Guid(c8b22aa40df96f648924a9384cf87408) Importer(815301076,1909f56bfc062723c751e8b465ee728b)  -> (artifact id: 'c427c769dc352896e439a91917176733') in 0.011335 seconds 
========================================================================
Received Import Request.
  Time since last request: 1.388610 seconds.
  path: Assets/RPG_FPS_game_assets_industrial/Barrels/Barrel_v1/BarrelGroup.prefab
  artifactKey: Guid(c8b22aa40df96f648924a9384cf87408) Importer(815301076,1909f56bfc062723c751e8b465ee728b)
Start importing Assets/RPG_FPS_game_assets_industrial/Barrels/Barrel_v1/BarrelGroup.prefab using Guid(c8b22aa40df96f648924a9384cf87408) Importer(815301076,1909f56bfc062723c751e8b465ee728b)  -> (artifact id: '0c1b04a2e0b6e2719a22b8ae25048b59') in 0.012231 seconds 
AssetImportWorkerClient::OnTransportError - code=2 error=End of file
